  Application.cpp
c:\users\alise\source\mesh\mesheditor\mesheditor\application.cpp(14): error C4996: 'strtok': This function or variable may be unsafe. Consider using strtok_s instead. To disable deprecation, use _CRT_SECURE_NO_WARNINGS. See online help for details.
  c:\program files (x86)\windows kits\10\include\10.0.17134.0\ucrt\string.h(440): note:  см. объявление "strtok"
c:\users\alise\source\mesh\mesheditor\mesheditor\application.cpp(17): error C4996: 'strtok': This function or variable may be unsafe. Consider using strtok_s instead. To disable deprecation, use _CRT_SECURE_NO_WARNINGS. See online help for details.
  c:\program files (x86)\windows kits\10\include\10.0.17134.0\ucrt\string.h(440): note:  см. объявление "strtok"
c:\users\alise\source\mesh\mesheditor\mesheditor\application.cpp(19): error C4996: 'strtok': This function or variable may be unsafe. Consider using strtok_s instead. To disable deprecation, use _CRT_SECURE_NO_WARNINGS. See online help for details.
  c:\program files (x86)\windows kits\10\include\10.0.17134.0\ucrt\string.h(440): note:  см. объявление "strtok"
c:\program files (x86)\microsoft visual studio\2017\community\vc\tools\msvc\14.15.26726\include\xmemory0(881): error C2661: std::pair<const _Kty,_Ty>::pair: нет перегруженной функции, принимающей 2 аргументов
          with
          [
              _Kty=std::string,
              _Ty=std::unique_ptr<Command,std::default_delete<Command>>
          ]
  c:\program files (x86)\microsoft visual studio\2017\community\vc\tools\msvc\14.15.26726\include\xtree(976): note: выполняется компиляция ссылки на экземпляр шаблон функции "void std::_Default_allocator_traits<_Alloc>::construct<_Ty,const std::string&,std::unique_ptr<Command,std::default_delete<Command>>&>(_Alloc &,_Objty *const ,const std::string &,std::unique_ptr<Command,std::default_delete<Command>> &)"
          with
          [
              _Alloc=std::allocator<std::_Tree_node<std::pair<const std::string,std::unique_ptr<Command,std::default_delete<Command>>>,std::_Default_allocator_traits<std::allocator<std::pair<const std::string,std::unique_ptr<Command,std::default_delete<Command>>>>>::void_pointer>>,
              _Ty=std::pair<const std::string,std::unique_ptr<Command,std::default_delete<Command>>>,
              _Objty=std::pair<const std::string,std::unique_ptr<Command,std::default_delete<Command>>>
          ]
  c:\program files (x86)\microsoft visual studio\2017\community\vc\tools\msvc\14.15.26726\include\xtree(983): note: выполняется компиляция ссылки на экземпляр шаблон функции "void std::_Default_allocator_traits<_Alloc>::construct<_Ty,const std::string&,std::unique_ptr<Command,std::default_delete<Command>>&>(_Alloc &,_Objty *const ,const std::string &,std::unique_ptr<Command,std::default_delete<Command>> &)"
          with
          [
              _Alloc=std::allocator<std::_Tree_node<std::pair<const std::string,std::unique_ptr<Command,std::default_delete<Command>>>,std::_Default_allocator_traits<std::allocator<std::pair<const std::string,std::unique_ptr<Command,std::default_delete<Command>>>>>::void_pointer>>,
              _Ty=std::pair<const std::string,std::unique_ptr<Command,std::default_delete<Command>>>,
              _Objty=std::pair<const std::string,std::unique_ptr<Command,std::default_delete<Command>>>
          ]
  c:\program files (x86)\microsoft visual studio\2017\community\vc\tools\msvc\14.15.26726\include\xtree(1154): note: выполняется компиляция ссылки на экземпляр шаблон функции "std::_Tree_node<_Ty,std::_Default_allocator_traits<_Alloc>::void_pointer> *std::_Tree_comp_alloc<_Traits>::_Buynode<const std::string&,std::unique_ptr<Command,std::default_delete<Command>>&>(const std::string &,std::unique_ptr<Command,std::default_delete<Command>> &)"
          with
          [
              _Ty=std::pair<const std::string,std::unique_ptr<Command,std::default_delete<Command>>>,
              _Alloc=std::allocator<std::pair<const std::string,std::unique_ptr<Command,std::default_delete<Command>>>>,
              _Traits=std::_Tmap_traits<std::string,std::unique_ptr<Command,std::default_delete<Command>>,std::less<std::string>,std::allocator<std::pair<const std::string,std::unique_ptr<Command,std::default_delete<Command>>>>,false>
          ]
  c:\program files (x86)\microsoft visual studio\2017\community\vc\tools\msvc\14.15.26726\include\xtree(1155): note: выполняется компиляция ссылки на экземпляр шаблон функции "std::_Tree_node<_Ty,std::_Default_allocator_traits<_Alloc>::void_pointer> *std::_Tree_comp_alloc<_Traits>::_Buynode<const std::string&,std::unique_ptr<Command,std::default_delete<Command>>&>(const std::string &,std::unique_ptr<Command,std::default_delete<Command>> &)"
          with
          [
              _Ty=std::pair<const std::string,std::unique_ptr<Command,std::default_delete<Command>>>,
              _Alloc=std::allocator<std::pair<const std::string,std::unique_ptr<Command,std::default_delete<Command>>>>,
              _Traits=std::_Tmap_traits<std::string,std::unique_ptr<Command,std::default_delete<Command>>,std::less<std::string>,std::allocator<std::pair<const std::string,std::unique_ptr<Command,std::default_delete<Command>>>>,false>
          ]
  c:\users\alise\source\mesh\mesheditor\mesheditor\application.cpp(7): note: выполняется компиляция ссылки на экземпляр шаблон функции "std::pair<std::_Tree_iterator<std::_Tree_val<std::_Tree_simple_types<_Ty>>>,bool> std::_Tree<std::_Tmap_traits<_Kty,std::unique_ptr<Command,std::default_delete<Command>>,_Pr,_Alloc,false>>::emplace<const std::string&,std::unique_ptr<Command,std::default_delete<Command>>&>(const std::string &,std::unique_ptr<Command,std::default_delete<Command>> &)"
          with
          [
              _Ty=std::pair<const std::string,std::unique_ptr<Command,std::default_delete<Command>>>,
              _Kty=std::string,
              _Pr=std::less<std::string>,
              _Alloc=std::allocator<std::pair<const std::string,std::unique_ptr<Command,std::default_delete<Command>>>>
          ]
  c:\users\alise\source\mesh\mesheditor\mesheditor\application.cpp(7): note: выполняется компиляция ссылки на экземпляр шаблон функции "std::pair<std::_Tree_iterator<std::_Tree_val<std::_Tree_simple_types<_Ty>>>,bool> std::_Tree<std::_Tmap_traits<_Kty,std::unique_ptr<Command,std::default_delete<Command>>,_Pr,_Alloc,false>>::emplace<const std::string&,std::unique_ptr<Command,std::default_delete<Command>>&>(const std::string &,std::unique_ptr<Command,std::default_delete<Command>> &)"
          with
          [
              _Ty=std::pair<const std::string,std::unique_ptr<Command,std::default_delete<Command>>>,
              _Kty=std::string,
              _Pr=std::less<std::string>,
              _Alloc=std::allocator<std::pair<const std::string,std::unique_ptr<Command,std::default_delete<Command>>>>
          ]
  MeshEditor.cpp
  Создание кода...
